<?xml version="1.0" encoding="UTF-8"?>
<!-- Generated by org.testng.reporters.JUnitXMLReporter -->
<testsuite ignored="3" hostname="DESKTOP-9EVMKMK" failures="0" tests="6" name="Car Loan" time="0.028" errors="0" timestamp="2024-12-10T00:01:43 IST">
  <testcase classname="testNG.day3" name="LoginApiCarLoan" time="0.002"/>
  <testcase classname="testNG.day3" name="ReportTest" time="0.001"/>
  <testcase classname="testNG.day3" name="WebloginCarLoan" time="0.002"/>
  <testcase classname="testNG.day3" name="dataProviderDemo" time="0.003"/>
  <testcase classname="testNG.day3" name="dataProviderDemo" time="0.001"/>
  <testcase classname="testNG.day3" name="dataProviderDemo" time="0.002"/>
  <testcase classname="testNG.day3" name="MobileSignout" time="0.0">
    <ignored/>
  </testcase> <!-- MobileSignout -->
  <testcase classname="testNG.day3" name="MobileloginCarLoan" time="0.0">
    <ignored/>
  </testcase> <!-- MobileloginCarLoan -->
  <testcase classname="testNG.day3" name="MobileSignin" time="0.0">
    <ignored/>
  </testcase> <!-- MobileSignin -->
</testsuite> <!-- Car Loan -->
