<?xml version="1.0" encoding="UTF-8"?>
<!-- Generated by org.testng.reporters.JUnitXMLReporter -->
<testsuite ignored="1" hostname="DESKTOP-9EVMKMK" failures="1" tests="9" name="Personal Loan" time="0.148" errors="0" timestamp="2024-12-10T00:01:43 IST">
  <testcase classname="testNG.day1" name="Demo" time="0.01"/>
  <testcase classname="testNG.day1" name="GroupsDemo" time="0.002"/>
  <testcase classname="testNG.day1" name="SecondTest" time="0.002"/>
  <testcase classname="testNG.day2" name="GroupsDemoday2" time="0.002"/>
  <testcase classname="testNG.day2" name="Ploan" time="0.002"/>
  <testcase classname="testNG.day4" name="DependsOnDemo" time="0.002"/>
  <testcase classname="testNG.day4" name="MobileloginHomeLoan" time="0.003"/>
  <testcase classname="testNG.day4" name="WebloginHomeLoan" time="0.012">
    <failure type="java.lang.AssertionError" message="expected [true] but found [false]">
      <![CDATA[java.lang.AssertionError: expected [true] but found [false]
at testNG.day4.WebloginHomeLoan(day4.java:14)
at java.base/java.util.ArrayList.forEach(ArrayList.java:1596)
... Removed 29 stack frames]]>
    </failure>
  </testcase> <!-- WebloginHomeLoan -->
  <testcase classname="testNG.day4" name="DependsOnDemo1" time="0.001"/>
  <testcase classname="testNG.day4" name="LoginApiHomeLoan" time="0.0">
    <ignored/>
  </testcase> <!-- LoginApiHomeLoan -->
</testsuite> <!-- Personal Loan -->
