<?xml version="1.0" encoding="UTF-8"?>
<testng-results ignored="0" total="1" passed="1" failed="0" skipped="0">
  <reporter-output>
  </reporter-output>
  <suite started-at="2024-12-18T00:02:06 IST" name="Default suite" finished-at="2024-12-18T00:02:10 IST" duration-ms="4185">
    <groups>
    </groups>
    <test started-at="2024-12-18T00:02:06 IST" name="Default test" finished-at="2024-12-18T00:02:10 IST" duration-ms="4185">
      <class name="testNG.HeadlessBrowser">
        <test-method signature="headTest()[pri:0, instance:testNG.HeadlessBrowser@1e0b4072]" started-at="2024-12-18T00:02:06 IST" name="headTest" finished-at="2024-12-18T00:02:10 IST" duration-ms="4110" status="PASS">
          <reporter-output>
          </reporter-output>
        </test-method> <!-- headTest -->
      </class> <!-- testNG.HeadlessBrowser -->
    </test> <!-- Default test -->
  </suite> <!-- Default suite -->
</testng-results>
